<?xml version="1.0" encoding="UTF-8"?>
<testng-results ignored="0" total="1" passed="1" failed="0" skipped="0">
  <reporter-output>
  </reporter-output>
  <suite started-at="2023-04-12T12:06:35 IST" name="Default suite" finished-at="2023-04-12T12:06:35 IST" duration-ms="163">
    <groups>
    </groups>
    <test started-at="2023-04-12T12:06:35 IST" name="Default test" finished-at="2023-04-12T12:06:35 IST" duration-ms="163">
      <class name="demo1.Demo111">
        <test-method signature="demo()[pri:0, instance:demo1.Demo111@932bc4a]" started-at="2023-04-12T12:06:35 IST" name="demo" finished-at="2023-04-12T12:06:35 IST" duration-ms="37" status="PASS">
          <reporter-output>
          </reporter-output>
        </test-method> <!-- demo -->
      </class> <!-- demo1.Demo111 -->
    </test> <!-- Default test -->
  </suite> <!-- Default suite -->
</testng-results>
